-------------------------------------------------------------------------------
Test set: com.example.api.SecurityVulnerabilityTest
-------------------------------------------------------------------------------
Tests run: 15, Failures: 1, Errors: 0, Skipped: 0, Time elapsed: 2.856 s <<< FAILURE! - in com.example.api.SecurityVulnerabilityTest
com.example.api.SecurityVulnerabilityTest.testInputSizeValidation  Time elapsed: 0.104 s  <<< FAILURE!
org.opentest4j.AssertionFailedError: ❌ VULNERABILIDAD: No hay validación de tamaño de input ==> expected: <true> but was: <false>
	at org.junit.jupiter.api.AssertionFailureBuilder.build(AssertionFailureBuilder.java:151)
	at org.junit.jupiter.api.AssertionFailureBuilder.buildAndThrow(AssertionFailureBuilder.java:132)
	at org.junit.jupiter.api.AssertTrue.failNotTrue(AssertTrue.java:63)
	at org.junit.jupiter.api.AssertTrue.assertTrue(AssertTrue.java:36)
	at org.junit.jupiter.api.Assertions.assertTrue(Assertions.java:214)
	at com.example.api.SecurityVulnerabilityTest.testInputSizeValidation(SecurityVulnerabilityTest.java:565)
	at java.base/java.lang.reflect.Method.invoke(Method.java:568)
	at java.base/java.util.ArrayList.forEach(ArrayList.java:1511)
	at java.base/java.util.ArrayList.forEach(ArrayList.java:1511)

