<?xml version="1.0" encoding="UTF-8"?>
<testsuite xmlns:xsi="http://www.w3.org/2001/XMLSchema-instance" xsi:noNamespaceSchemaLocation="https://maven.apache.org/surefire/maven-surefire-plugin/xsd/surefire-test-report-3.0.xsd" version="3.0" name="com.example.api.SecurityVulnerabilityTest" time="18.326" tests="15" errors="7" skipped="0" failures="1">
  <properties>
[...]
</properties>
  <testcase name="testAccessWithoutToken" classname="com.example.api.SecurityVulnerabilityTest" time="2.544">
    <system-out><![CDATA[12:29:15.891 [main] INFO org.springframework.test.context.support.AnnotationConfigContextLoaderUtils -- Could not detect default configuration classes for test class [com.example.api.SecurityVulnerabilityTest]: SecurityVulnerabilityTest does not declare any static, non-private, non-final, nested classes annotated with @Configuration.
12:29:17.032 [main] INFO org.springframework.boot.test.context.SpringBootTestContextBootstrapper -- Found @SpringBootConfiguration com.example.api.ApiApplication for test class com.example.api.SecurityVulnerabilityTest

  .   ____          _            __ _ _
 /\\ / ___'_ __ _ _(_)_ __  __ _ \ \ \ \
( ( )\___ | '_ | '_| | '_ \/ _` | \ \ \ \
 \\/  ___)| |_)| | | | | || (_| |  ) ) ) )
  '  |____| .__|_| |_|_| |_\__, | / / / /
 =========|_|==============|___/=/_/_/_/
 :: Spring Boot ::                (v3.2.0)

2025-10-26T12:29:19.381-05:00  INFO 19872 --- [           main] c.example.api.SecurityVulnerabilityTest  : Starting SecurityVulnerabilityTest using Java 17.0.12 with PID 19872 (started by usuaario in C:\Users\usuaario\OneDrive\Escritorio\PIM\PIM\Api)
2025-10-26T12:29:19.388-05:00  INFO 19872 --- [           main] c.example.api.SecurityVulnerabilityTest  : No active profile set, falling back to 1 default profile: "default"
2025-10-26T12:29:25.769-05:00  INFO 19872 --- [           main] o.s.b.w.embedded.tomcat.TomcatWebServer  : Tomcat initialized with port 0 (http)
2025-10-26T12:29:25.795-05:00  INFO 19872 --- [           main] o.apache.catalina.core.StandardService   : Starting service [Tomcat]
2025-10-26T12:29:25.796-05:00  INFO 19872 --- [           main] o.apache.catalina.core.StandardEngine    : Starting Servlet engine: [Apache Tomcat/10.1.16]
2025-10-26T12:29:25.971-05:00  INFO 19872 --- [           main] o.a.c.c.C.[Tomcat].[localhost].[/]       : Initializing Spring embedded WebApplicationContext
2025-10-26T12:29:25.975-05:00  INFO 19872 --- [           main] w.s.c.ServletWebServerApplicationContext : Root WebApplicationContext: initialization completed in 4936 ms
2025-10-26T12:29:26.325-05:00  WARN 19872 --- [           main] .s.s.UserDetailsServiceAutoConfiguration : 

Using generated security password: c17f4808-2270-4333-a312-d2c7bd5fae54

This generated password is for development use only. Your security configuration must be updated before running your application in production.

2025-10-26T12:29:27.085-05:00  INFO 19872 --- [           main] o.s.s.web.DefaultSecurityFilterChain     : Will secure any request with [org.springframework.security.web.session.DisableEncodeUrlFilter@6565f3, org.springframework.security.web.context.request.async.WebAsyncManagerIntegrationFilter@891f18f, org.springframework.security.web.context.SecurityContextHolderFilter@33bd3549, org.springframework.security.web.header.HeaderWriterFilter@7029653c, org.springframework.web.filter.CorsFilter@189e986f, org.springframework.security.web.authentication.logout.LogoutFilter@135ddb56, org.springframework.security.web.savedrequest.RequestCacheAwareFilter@7df5358, org.springframework.security.web.servletapi.SecurityContextHolderAwareRequestFilter@49d26eba, org.springframework.security.web.authentication.AnonymousAuthenticationFilter@218289de, org.springframework.security.web.access.ExceptionTranslationFilter@71dc03a, org.springframework.security.web.access.intercept.AuthorizationFilter@4db8b888]
2025-10-26T12:29:27.805-05:00  INFO 19872 --- [           main] o.s.b.w.embedded.tomcat.TomcatWebServer  : Tomcat started on port 56941 (http) with context path ''
2025-10-26T12:29:27.820-05:00  INFO 19872 --- [           main] c.example.api.SecurityVulnerabilityTest  : Started SecurityVulnerabilityTest in 9.604 seconds (process running for 15.486)
2025-10-26T12:29:28.181-05:00  INFO 19872 --- [o-auto-1-exec-1] o.a.c.c.C.[Tomcat].[localhost].[/]       : Initializing Spring DispatcherServlet 'dispatcherServlet'
2025-10-26T12:29:28.181-05:00  INFO 19872 --- [o-auto-1-exec-1] o.s.web.servlet.DispatcherServlet        : Initializing Servlet 'dispatcherServlet'
2025-10-26T12:29:28.183-05:00  INFO 19872 --- [o-auto-1-exec-1] o.s.web.servlet.DispatcherServlet        : Completed initialization in 1 ms
2025-10-26T12:29:28.224-05:00  WARN 19872 --- [o-auto-1-exec-1] o.s.w.s.h.HandlerMappingIntrospector     : Cache miss for REQUEST dispatch to '/registro' (previous null). Performing CorsConfiguration lookup. This is logged once only at WARN level, and every time at TRACE.
2025-10-26T12:29:28.258-05:00  WARN 19872 --- [o-auto-1-exec-1] o.s.w.s.h.HandlerMappingIntrospector     : Cache miss for REQUEST dispatch to '/registro' (previous null). Performing MatchableHandlerMapping lookup. This is logged once only at WARN level, and every time at TRACE.
2025-10-26T12:29:31.199-05:00  WARN 19872 --- [o-auto-1-exec-4] .w.s.m.s.DefaultHandlerExceptionResolver : Resolved [org.springframework.web.bind.MissingRequestHeaderException: Required request header 'x-access-token' for method parameter type String is not present]
✅ SEC01: Acceso sin autenticación bloqueado correctamente
]]></system-out>
  </testcase>
  <testcase name="testInvalidToken" classname="com.example.api.SecurityVulnerabilityTest" time="0.056">
    <error message="I/O error on POST request for &quot;http://localhost:56941/info_personal&quot;: cannot retry due to server authentication, in streaming mode" type="org.springframework.web.client.ResourceAccessException"><![CDATA[org.springframework.web.client.ResourceAccessException: I/O error on POST request for "http://localhost:56941/info_personal": cannot retry due to server authentication, in streaming mode
	at org.springframework.web.client.RestTemplate.createResourceAccessException(RestTemplate.java:905)
	at org.springframework.web.client.RestTemplate.doExecute(RestTemplate.java:885)
	at org.springframework.web.client.RestTemplate.execute(RestTemplate.java:781)
	at org.springframework.web.client.RestTemplate.postForEntity(RestTemplate.java:529)
	at org.springframework.boot.test.web.client.TestRestTemplate.postForEntity(TestRestTemplate.java:454)
	at com.example.api.SecurityVulnerabilityTest.testInvalidToken(SecurityVulnerabilityTest.java:107)
	at java.base/java.lang.reflect.Method.invoke(Method.java:568)
	at java.base/java.util.ArrayList.forEach(ArrayList.java:1511)
	at java.base/java.util.ArrayList.forEach(ArrayList.java:1511)
Caused by: java.net.HttpRetryException: cannot retry due to server authentication, in streaming mode
	at java.base/sun.net.www.protocol.http.HttpURLConnection.getInputStream0(HttpURLConnection.java:1815)
	at java.base/sun.net.www.protocol.http.HttpURLConnection.getInputStream(HttpURLConnection.java:1610)
	at java.base/java.net.HttpURLConnection.getResponseCode(HttpURLConnection.java:529)
	at org.springframework.http.client.SimpleClientHttpResponse.getStatusCode(SimpleClientHttpResponse.java:55)
	at org.springframework.web.client.DefaultResponseErrorHandler.hasError(DefaultResponseErrorHandler.java:83)
	at org.springframework.web.client.RestTemplate.handleResponse(RestTemplate.java:921)
	at org.springframework.web.client.RestTemplate.doExecute(RestTemplate.java:881)
	... 7 more
]]></error>
  </testcase>
  <testcase name="testExpiredToken" classname="com.example.api.SecurityVulnerabilityTest" time="0.024">
    <error message="I/O error on POST request for &quot;http://localhost:56941/info_personal&quot;: cannot retry due to server authentication, in streaming mode" type="org.springframework.web.client.ResourceAccessException"><![CDATA[org.springframework.web.client.ResourceAccessException: I/O error on POST request for "http://localhost:56941/info_personal": cannot retry due to server authentication, in streaming mode
	at org.springframework.web.client.RestTemplate.createResourceAccessException(RestTemplate.java:905)
	at org.springframework.web.client.RestTemplate.doExecute(RestTemplate.java:885)
	at org.springframework.web.client.RestTemplate.execute(RestTemplate.java:781)
	at org.springframework.web.client.RestTemplate.postForEntity(RestTemplate.java:529)
	at org.springframework.boot.test.web.client.TestRestTemplate.postForEntity(TestRestTemplate.java:454)
	at com.example.api.SecurityVulnerabilityTest.testExpiredToken(SecurityVulnerabilityTest.java:133)
	at java.base/java.lang.reflect.Method.invoke(Method.java:568)
	at java.base/java.util.ArrayList.forEach(ArrayList.java:1511)
	at java.base/java.util.ArrayList.forEach(ArrayList.java:1511)
Caused by: java.net.HttpRetryException: cannot retry due to server authentication, in streaming mode
	at java.base/sun.net.www.protocol.http.HttpURLConnection.getInputStream0(HttpURLConnection.java:1815)
	at java.base/sun.net.www.protocol.http.HttpURLConnection.getInputStream(HttpURLConnection.java:1610)
	at java.base/java.net.HttpURLConnection.getResponseCode(HttpURLConnection.java:529)
	at org.springframework.http.client.SimpleClientHttpResponse.getStatusCode(SimpleClientHttpResponse.java:55)
	at org.springframework.web.client.DefaultResponseErrorHandler.hasError(DefaultResponseErrorHandler.java:83)
	at org.springframework.web.client.RestTemplate.handleResponse(RestTemplate.java:921)
	at org.springframework.web.client.RestTemplate.doExecute(RestTemplate.java:881)
	... 7 more
]]></error>
  </testcase>
  <testcase name="testSQLInjectionInEmail" classname="com.example.api.SecurityVulnerabilityTest" time="0.019">
    <error message="I/O error on POST request for &quot;http://localhost:56941/login&quot;: cannot retry due to server authentication, in streaming mode" type="org.springframework.web.client.ResourceAccessException"><![CDATA[org.springframework.web.client.ResourceAccessException: I/O error on POST request for "http://localhost:56941/login": cannot retry due to server authentication, in streaming mode
	at org.springframework.web.client.RestTemplate.createResourceAccessException(RestTemplate.java:905)
	at org.springframework.web.client.RestTemplate.doExecute(RestTemplate.java:885)
	at org.springframework.web.client.RestTemplate.execute(RestTemplate.java:781)
	at org.springframework.web.client.RestTemplate.postForEntity(RestTemplate.java:529)
	at org.springframework.boot.test.web.client.TestRestTemplate.postForEntity(TestRestTemplate.java:454)
	at com.example.api.SecurityVulnerabilityTest.testSQLInjectionInEmail(SecurityVulnerabilityTest.java:166)
	at java.base/java.lang.reflect.Method.invoke(Method.java:568)
	at java.base/java.util.ArrayList.forEach(ArrayList.java:1511)
	at java.base/java.util.ArrayList.forEach(ArrayList.java:1511)
Caused by: java.net.HttpRetryException: cannot retry due to server authentication, in streaming mode
	at java.base/sun.net.www.protocol.http.HttpURLConnection.getInputStream0(HttpURLConnection.java:1815)
	at java.base/sun.net.www.protocol.http.HttpURLConnection.getInputStream(HttpURLConnection.java:1610)
	at java.base/java.net.HttpURLConnection.getResponseCode(HttpURLConnection.java:529)
	at org.springframework.http.client.SimpleClientHttpResponse.getStatusCode(SimpleClientHttpResponse.java:55)
	at org.springframework.web.client.DefaultResponseErrorHandler.hasError(DefaultResponseErrorHandler.java:83)
	at org.springframework.web.client.RestTemplate.handleResponse(RestTemplate.java:921)
	at org.springframework.web.client.RestTemplate.doExecute(RestTemplate.java:881)
	... 7 more
]]></error>
  </testcase>
  <testcase name="testNoSQLInjection" classname="com.example.api.SecurityVulnerabilityTest" time="0.017">
    <error message="I/O error on POST request for &quot;http://localhost:56941/login&quot;: cannot retry due to server authentication, in streaming mode" type="org.springframework.web.client.ResourceAccessException"><![CDATA[org.springframework.web.client.ResourceAccessException: I/O error on POST request for "http://localhost:56941/login": cannot retry due to server authentication, in streaming mode
	at org.springframework.web.client.RestTemplate.createResourceAccessException(RestTemplate.java:905)
	at org.springframework.web.client.RestTemplate.doExecute(RestTemplate.java:885)
	at org.springframework.web.client.RestTemplate.execute(RestTemplate.java:781)
	at org.springframework.web.client.RestTemplate.postForEntity(RestTemplate.java:529)
	at org.springframework.boot.test.web.client.TestRestTemplate.postForEntity(TestRestTemplate.java:454)
	at com.example.api.SecurityVulnerabilityTest.testNoSQLInjection(SecurityVulnerabilityTest.java:196)
	at java.base/java.lang.reflect.Method.invoke(Method.java:568)
	at java.base/java.util.ArrayList.forEach(ArrayList.java:1511)
	at java.base/java.util.ArrayList.forEach(ArrayList.java:1511)
Caused by: java.net.HttpRetryException: cannot retry due to server authentication, in streaming mode
	at java.base/sun.net.www.protocol.http.HttpURLConnection.getInputStream0(HttpURLConnection.java:1815)
	at java.base/sun.net.www.protocol.http.HttpURLConnection.getInputStream(HttpURLConnection.java:1610)
	at java.base/java.net.HttpURLConnection.getResponseCode(HttpURLConnection.java:529)
	at org.springframework.http.client.SimpleClientHttpResponse.getStatusCode(SimpleClientHttpResponse.java:55)
	at org.springframework.web.client.DefaultResponseErrorHandler.hasError(DefaultResponseErrorHandler.java:83)
	at org.springframework.web.client.RestTemplate.handleResponse(RestTemplate.java:921)
	at org.springframework.web.client.RestTemplate.doExecute(RestTemplate.java:881)
	... 7 more
]]></error>
  </testcase>
  <testcase name="testPasswordHashing" classname="com.example.api.SecurityVulnerabilityTest" time="0.196">
    <system-out><![CDATA[✅ SEC06: Contraseñas hasheadas correctamente (BCrypt)
]]></system-out>
  </testcase>
  <testcase name="testJWTSignatureValidation" classname="com.example.api.SecurityVulnerabilityTest" time="0.041">
    <error message="I/O error on POST request for &quot;http://localhost:56941/info_personal&quot;: cannot retry due to server authentication, in streaming mode" type="org.springframework.web.client.ResourceAccessException"><![CDATA[org.springframework.web.client.ResourceAccessException: I/O error on POST request for "http://localhost:56941/info_personal": cannot retry due to server authentication, in streaming mode
	at org.springframework.web.client.RestTemplate.createResourceAccessException(RestTemplate.java:905)
	at org.springframework.web.client.RestTemplate.doExecute(RestTemplate.java:885)
	at org.springframework.web.client.RestTemplate.execute(RestTemplate.java:781)
	at org.springframework.web.client.RestTemplate.postForEntity(RestTemplate.java:529)
	at org.springframework.boot.test.web.client.TestRestTemplate.postForEntity(TestRestTemplate.java:454)
	at com.example.api.SecurityVulnerabilityTest.testJWTSignatureValidation(SecurityVulnerabilityTest.java:261)
	at java.base/java.lang.reflect.Method.invoke(Method.java:568)
	at java.base/java.util.ArrayList.forEach(ArrayList.java:1511)
	at java.base/java.util.ArrayList.forEach(ArrayList.java:1511)
Caused by: java.net.HttpRetryException: cannot retry due to server authentication, in streaming mode
	at java.base/sun.net.www.protocol.http.HttpURLConnection.getInputStream0(HttpURLConnection.java:1815)
	at java.base/sun.net.www.protocol.http.HttpURLConnection.getInputStream(HttpURLConnection.java:1610)
	at java.base/java.net.HttpURLConnection.getResponseCode(HttpURLConnection.java:529)
	at org.springframework.http.client.SimpleClientHttpResponse.getStatusCode(SimpleClientHttpResponse.java:55)
	at org.springframework.web.client.DefaultResponseErrorHandler.hasError(DefaultResponseErrorHandler.java:83)
	at org.springframework.web.client.RestTemplate.handleResponse(RestTemplate.java:921)
	at org.springframework.web.client.RestTemplate.doExecute(RestTemplate.java:881)
	... 7 more
]]></error>
  </testcase>
  <testcase name="testBruteForceProtection" classname="com.example.api.SecurityVulnerabilityTest" time="0.179">
    <error message="I/O error on POST request for &quot;http://localhost:56941/login&quot;: cannot retry due to server authentication, in streaming mode" type="org.springframework.web.client.ResourceAccessException"><![CDATA[org.springframework.web.client.ResourceAccessException: I/O error on POST request for "http://localhost:56941/login": cannot retry due to server authentication, in streaming mode
	at org.springframework.web.client.RestTemplate.createResourceAccessException(RestTemplate.java:905)
	at org.springframework.web.client.RestTemplate.doExecute(RestTemplate.java:885)
	at org.springframework.web.client.RestTemplate.execute(RestTemplate.java:781)
	at org.springframework.web.client.RestTemplate.postForEntity(RestTemplate.java:529)
	at org.springframework.boot.test.web.client.TestRestTemplate.postForEntity(TestRestTemplate.java:454)
	at com.example.api.SecurityVulnerabilityTest.testBruteForceProtection(SecurityVulnerabilityTest.java:299)
	at java.base/java.lang.reflect.Method.invoke(Method.java:568)
	at java.base/java.util.ArrayList.forEach(ArrayList.java:1511)
	at java.base/java.util.ArrayList.forEach(ArrayList.java:1511)
Caused by: java.net.HttpRetryException: cannot retry due to server authentication, in streaming mode
	at java.base/sun.net.www.protocol.http.HttpURLConnection.getInputStream0(HttpURLConnection.java:1815)
	at java.base/sun.net.www.protocol.http.HttpURLConnection.getInputStream(HttpURLConnection.java:1610)
	at java.base/java.net.HttpURLConnection.getResponseCode(HttpURLConnection.java:529)
	at org.springframework.http.client.SimpleClientHttpResponse.getStatusCode(SimpleClientHttpResponse.java:55)
	at org.springframework.web.client.DefaultResponseErrorHandler.hasError(DefaultResponseErrorHandler.java:83)
	at org.springframework.web.client.RestTemplate.handleResponse(RestTemplate.java:921)
	at org.springframework.web.client.RestTemplate.doExecute(RestTemplate.java:881)
	... 7 more
]]></error>
  </testcase>
  <testcase name="testSecurityHeaders" classname="com.example.api.SecurityVulnerabilityTest" time="0.023">
    <system-out><![CDATA[🔍 Buscando datos para email: default@example.com
⚠️ No se encontraron datos para el email: default@example.com
⚠️ SEC09: Headers de seguridad faltantes:
   - Falta header HSTS (Strict-Transport-Security)
]]></system-out>
  </testcase>
  <testcase name="testSensitiveDataInErrors" classname="com.example.api.SecurityVulnerabilityTest" time="0.027">
    <error message="I/O error on POST request for &quot;http://localhost:56941/login&quot;: cannot retry due to server authentication, in streaming mode" type="org.springframework.web.client.ResourceAccessException"><![CDATA[org.springframework.web.client.ResourceAccessException: I/O error on POST request for "http://localhost:56941/login": cannot retry due to server authentication, in streaming mode
	at org.springframework.web.client.RestTemplate.createResourceAccessException(RestTemplate.java:905)
	at org.springframework.web.client.RestTemplate.doExecute(RestTemplate.java:885)
	at org.springframework.web.client.RestTemplate.execute(RestTemplate.java:781)
	at org.springframework.web.client.RestTemplate.postForEntity(RestTemplate.java:529)
	at org.springframework.boot.test.web.client.TestRestTemplate.postForEntity(TestRestTemplate.java:454)
	at com.example.api.SecurityVulnerabilityTest.testSensitiveDataInErrors(SecurityVulnerabilityTest.java:366)
	at java.base/java.lang.reflect.Method.invoke(Method.java:568)
	at java.base/java.util.ArrayList.forEach(ArrayList.java:1511)
	at java.base/java.util.ArrayList.forEach(ArrayList.java:1511)
Caused by: java.net.HttpRetryException: cannot retry due to server authentication, in streaming mode
	at java.base/sun.net.www.protocol.http.HttpURLConnection.getInputStream0(HttpURLConnection.java:1815)
	at java.base/sun.net.www.protocol.http.HttpURLConnection.getInputStream(HttpURLConnection.java:1610)
	at java.base/java.net.HttpURLConnection.getResponseCode(HttpURLConnection.java:529)
	at org.springframework.http.client.SimpleClientHttpResponse.getStatusCode(SimpleClientHttpResponse.java:55)
	at org.springframework.web.client.DefaultResponseErrorHandler.hasError(DefaultResponseErrorHandler.java:83)
	at org.springframework.web.client.RestTemplate.handleResponse(RestTemplate.java:921)
	at org.springframework.web.client.RestTemplate.doExecute(RestTemplate.java:881)
	... 7 more
]]></error>
  </testcase>
  <testcase name="testWeakPasswordRejection" classname="com.example.api.SecurityVulnerabilityTest" time="0.481">
    <system-out><![CDATA[⚠️ SEC11: ADVERTENCIA - 5 contraseñas débiles fueron aceptadas
   Recomendación: Implementar política de contraseñas fuertes
]]></system-out>
  </testcase>
  <testcase name="testSessionReuseAfterLogout" classname="com.example.api.SecurityVulnerabilityTest" time="0.04">
    <system-out><![CDATA[🔍 Datos recibidos completos: {}
💰 Ingreso: 0.0
💸 Total Gastos: 0.0
✅ Disponible: 0.0
✅ Datos guardados exitosamente
⚠️ SEC12: Recomendación - Implementar endpoint /logout para invalidar tokens
]]></system-out>
  </testcase>
  <testcase name="testInputSizeValidation" classname="com.example.api.SecurityVulnerabilityTest" time="0.102">
    <failure message="❌ VULNERABILIDAD: No hay validación de tamaño de input ==&gt; expected: &lt;true&gt; but was: &lt;false&gt;" type="org.opentest4j.AssertionFailedError"><![CDATA[org.opentest4j.AssertionFailedError: ❌ VULNERABILIDAD: No hay validación de tamaño de input ==> expected: <true> but was: <false>
	at org.junit.jupiter.api.AssertionFailureBuilder.build(AssertionFailureBuilder.java:151)
	at org.junit.jupiter.api.AssertionFailureBuilder.buildAndThrow(AssertionFailureBuilder.java:132)
	at org.junit.jupiter.api.AssertTrue.failNotTrue(AssertTrue.java:63)
	at org.junit.jupiter.api.AssertTrue.assertTrue(AssertTrue.java:36)
	at org.junit.jupiter.api.Assertions.assertTrue(Assertions.java:214)
	at com.example.api.SecurityVulnerabilityTest.testInputSizeValidation(SecurityVulnerabilityTest.java:476)
	at java.base/java.lang.reflect.Method.invoke(Method.java:568)
	at java.base/java.util.ArrayList.forEach(ArrayList.java:1511)
	at java.base/java.util.ArrayList.forEach(ArrayList.java:1511)
]]></failure>
  </testcase>
  <testcase name="testEmailFormatValidation" classname="com.example.api.SecurityVulnerabilityTest" time="0.495">
    <system-out><![CDATA[⚠️ Email inválido aceptado: notanemail
⚠️ Email inválido aceptado: @example.com
⚠️ Email inválido aceptado: user@
⚠️ Email inválido aceptado: user space@example.com
⚠️ Email inválido aceptado: user..name@example.com
⚠️ SEC14: 5 emails inválidos aceptados
]]></system-out>
  </testcase>
  <testcase name="testSecurityReport" classname="com.example.api.SecurityVulnerabilityTest" time="0.008">
    <system-out><![CDATA[
═══════════════════════════════════════════════════════
📋 REPORTE DE SEGURIDAD - OWASP TOP 10
═══════════════════════════════════════════════════════
✅ A01 - Broken Access Control: VERIFICADO
✅ A02 - Cryptographic Failures: VERIFICADO
✅ A03 - Injection: VERIFICADO
⚠️ A04 - Insecure Design: PARCIAL (falta rate limiting)
⚠️ A05 - Security Misconfiguration: PARCIAL (faltan headers)
✅ A07 - Authentication Failures: VERIFICADO
═══════════════════════════════════════════════════════

]]></system-out>
  </testcase>
</testsuite>