<?xml version="1.0" encoding="UTF-8"?>
<testsuite xmlns:xsi="http://www.w3.org/2001/XMLSchema-instance" xsi:noNamespaceSchemaLocation="https://maven.apache.org/surefire/maven-surefire-plugin/xsd/surefire-test-report-3.0.xsd" version="3.0" name="com.example.api.SecurityVulnerabilityTest" time="11.857" tests="15" errors="0" skipped="0" failures="0">
  <properties>
[...]
</properties>
  <testcase name="testAccessWithoutToken" classname="com.example.api.SecurityVulnerabilityTest" time="2.247">
    <system-out><![CDATA[
  .   ____          _            __ _ _
 /\\ / ___'_ __ _ _(_)_ __  __ _ \ \ \ \
( ( )\___ | '_ | '_| | '_ \/ _` | \ \ \ \
 \\/  ___)| |_)| | | | | || (_| |  ) ) ) )
  '  |____| .__|_| |_|_| |_\__, | / / / /
 =========|_|==============|___/=/_/_/_/
 :: Spring Boot ::                (v3.2.0)

2025-10-27T14:20:22.869-05:00  INFO 20696 --- [           main] c.example.api.SecurityVulnerabilityTest  : Starting SecurityVulnerabilityTest using Java 17.0.12 with PID 20696 (started by usuaario in C:\Users\usuaario\OneDrive\Escritorio\PIM\PIM\Api)
2025-10-27T14:20:22.879-05:00  INFO 20696 --- [           main] c.example.api.SecurityVulnerabilityTest  : No active profile set, falling back to 1 default profile: "default"
2025-10-27T14:20:26.295-05:00  INFO 20696 --- [           main] o.s.b.w.embedded.tomcat.TomcatWebServer  : Tomcat initialized with port 0 (http)
2025-10-27T14:20:26.315-05:00  INFO 20696 --- [           main] o.apache.catalina.core.StandardService   : Starting service [Tomcat]
2025-10-27T14:20:26.316-05:00  INFO 20696 --- [           main] o.apache.catalina.core.StandardEngine    : Starting Servlet engine: [Apache Tomcat/10.1.16]
2025-10-27T14:20:26.440-05:00  INFO 20696 --- [           main] o.a.c.c.C.[Tomcat].[localhost].[/]       : Initializing Spring embedded WebApplicationContext
2025-10-27T14:20:26.441-05:00  INFO 20696 --- [           main] w.s.c.ServletWebServerApplicationContext : Root WebApplicationContext: initialization completed in 2807 ms
2025-10-27T14:20:26.670-05:00  WARN 20696 --- [           main] .s.s.UserDetailsServiceAutoConfiguration : 

Using generated security password: ec2d32e2-3f42-4348-bdf6-9eb41d53a8cd

This generated password is for development use only. Your security configuration must be updated before running your application in production.

2025-10-27T14:20:27.206-05:00  INFO 20696 --- [           main] o.s.s.web.DefaultSecurityFilterChain     : Will secure any request with [org.springframework.security.web.session.DisableEncodeUrlFilter@1353f515, org.springframework.security.web.context.request.async.WebAsyncManagerIntegrationFilter@570b2d9b, org.springframework.security.web.context.SecurityContextHolderFilter@1f9df722, org.springframework.security.web.header.HeaderWriterFilter@57497703, org.springframework.web.filter.CorsFilter@3b5b6df4, org.springframework.security.web.authentication.logout.LogoutFilter@15800a35, org.springframework.security.web.savedrequest.RequestCacheAwareFilter@66a74cba, org.springframework.security.web.servletapi.SecurityContextHolderAwareRequestFilter@222abb8f, org.springframework.security.web.authentication.AnonymousAuthenticationFilter@6ad11552, org.springframework.security.web.access.ExceptionTranslationFilter@3da94286, org.springframework.security.web.access.intercept.AuthorizationFilter@aa9c6b2]
2025-10-27T14:20:27.210-05:00  INFO 20696 --- [           main] o.s.s.web.DefaultSecurityFilterChain     : Will secure any request with [org.springframework.security.web.session.DisableEncodeUrlFilter@22d72c99, org.springframework.security.web.context.request.async.WebAsyncManagerIntegrationFilter@7d3f7e4b, org.springframework.security.web.context.SecurityContextHolderFilter@5dea9867, org.springframework.security.web.header.HeaderWriterFilter@1261fd82, org.springframework.web.filter.CorsFilter@633a6f00, org.springframework.security.web.authentication.logout.LogoutFilter@3afca969, org.springframework.security.web.savedrequest.RequestCacheAwareFilter@1de36da2, org.springframework.security.web.servletapi.SecurityContextHolderAwareRequestFilter@2e4c4373, org.springframework.security.web.authentication.AnonymousAuthenticationFilter@6d6d9406, org.springframework.security.web.access.ExceptionTranslationFilter@596d15c, org.springframework.security.web.access.intercept.AuthorizationFilter@70efd6cf]
2025-10-27T14:20:27.625-05:00  INFO 20696 --- [           main] o.s.b.w.embedded.tomcat.TomcatWebServer  : Tomcat started on port 62100 (http) with context path ''
2025-10-27T14:20:27.635-05:00  INFO 20696 --- [           main] c.example.api.SecurityVulnerabilityTest  : Started SecurityVulnerabilityTest in 5.855 seconds (process running for 9.782)
2025-10-27T14:20:29.449-05:00  INFO 20696 --- [o-auto-1-exec-1] o.a.c.c.C.[Tomcat].[localhost].[/]       : Initializing Spring DispatcherServlet 'dispatcherServlet'
2025-10-27T14:20:29.450-05:00  INFO 20696 --- [o-auto-1-exec-1] o.s.web.servlet.DispatcherServlet        : Initializing Servlet 'dispatcherServlet'
2025-10-27T14:20:29.451-05:00  INFO 20696 --- [o-auto-1-exec-1] o.s.web.servlet.DispatcherServlet        : Completed initialization in 1 ms
2025-10-27T14:20:29.481-05:00  WARN 20696 --- [o-auto-1-exec-1] o.s.w.s.h.HandlerMappingIntrospector     : Cache miss for REQUEST dispatch to '/registro' (previous null). Performing CorsConfiguration lookup. This is logged once only at WARN level, and every time at TRACE.
2025-10-27T14:20:29.510-05:00  WARN 20696 --- [o-auto-1-exec-1] o.s.w.s.h.HandlerMappingIntrospector     : Cache miss for REQUEST dispatch to '/registro' (previous null). Performing MatchableHandlerMapping lookup. This is logged once only at WARN level, and every time at TRACE.
2025-10-27T14:20:29.848-05:00  WARN 20696 --- [o-auto-1-exec-3] .w.s.m.s.DefaultHandlerExceptionResolver : Resolved [org.springframework.web.bind.MissingRequestHeaderException: Required request header 'x-access-token' for method parameter type String is not present]
✅ SEC01: Acceso sin autenticación bloqueado correctamente
]]></system-out>
  </testcase>
  <testcase name="testInvalidToken" classname="com.example.api.SecurityVulnerabilityTest" time="0.044">
    <system-out><![CDATA[   ✅ Token inválido bloqueado correctamente
✅ SEC02: Token inválido rechazado correctamente
]]></system-out>
  </testcase>
  <testcase name="testExpiredToken" classname="com.example.api.SecurityVulnerabilityTest" time="0.022">
    <system-out><![CDATA[   ✅ Token expirado bloqueado correctamente
✅ SEC03: Token expirado rechazado correctamente
]]></system-out>
  </testcase>
  <testcase name="testSQLInjectionInEmail" classname="com.example.api.SecurityVulnerabilityTest" time="0.065">
    <system-out><![CDATA[   ✅ Payload bloqueado: admin' OR '1'='1
   ✅ Payload bloqueado: admin'--
   ✅ Payload bloqueado: admin' OR 1=1--
   ✅ Payload bloqueado: '; DROP TABLE users--
   ✅ Payload bloqueado: admin' UNION SELECT * FROM users--
✅ SEC04: Protección contra inyección SQL verificada (5/5 bloqueados)
]]></system-out>
  </testcase>
  <testcase name="testNoSQLInjection" classname="com.example.api.SecurityVulnerabilityTest" time="0.041">
    <system-out><![CDATA[   ✅ Payload bloqueado: {"$gt": ""}
   ✅ Payload bloqueado: {"$ne": null}
   ✅ Payload bloqueado: admin", "$gt": ""
   ✅ Payload bloqueado: {
  "username": {"$gt": ""}
}
✅ SEC05: Protección contra inyección NoSQL verificada (4/4 bloqueados)
]]></system-out>
  </testcase>
  <testcase name="testPasswordHashing" classname="com.example.api.SecurityVulnerabilityTest" time="0.156">
    <system-out><![CDATA[✅ SEC06: Contraseñas hasheadas correctamente (BCrypt)
]]></system-out>
  </testcase>
  <testcase name="testJWTSignatureValidation" classname="com.example.api.SecurityVulnerabilityTest" time="0.059">
    <system-out><![CDATA[   ✅ Token manipulado bloqueado
   ✅ Token manipulado bloqueado
   ✅ Token manipulado bloqueado
✅ SEC07: Validación de firma JWT funcionando (3/3 bloqueados)
]]></system-out>
  </testcase>
  <testcase name="testBruteForceProtection" classname="com.example.api.SecurityVulnerabilityTest" time="0.82">
    <system-out><![CDATA[   Intentos fallidos: 0
   Intentos bloqueados: 10
✅ SEC08: Sistema responde a múltiples intentos
]]></system-out>
  </testcase>
  <testcase name="testSecurityHeaders" classname="com.example.api.SecurityVulnerabilityTest" time="0.033">
    <system-out><![CDATA[🔍 Buscando datos para email: default@example.com
⚠️ No se encontraron datos para el email: default@example.com
⚠️ SEC09: Headers de seguridad faltantes:
   - Falta header HSTS (Strict-Transport-Security)
]]></system-out>
  </testcase>
  <testcase name="testSensitiveDataInErrors" classname="com.example.api.SecurityVulnerabilityTest" time="0.02">
    <system-out><![CDATA[✅ SEC10: Excepciones no exponen información sensible
]]></system-out>
  </testcase>
  <testcase name="testWeakPasswordRejection" classname="com.example.api.SecurityVulnerabilityTest" time="0.043">
    <system-out><![CDATA[✅ SEC11: Contraseñas débiles rechazadas correctamente
]]></system-out>
  </testcase>
  <testcase name="testSessionReuseAfterLogout" classname="com.example.api.SecurityVulnerabilityTest" time="0.019">
    <system-out><![CDATA[🔍 Datos recibidos completos: {}
💰 Ingreso: 0.0
💸 Total Gastos: 0.0
✅ Disponible: 0.0
✅ Datos guardados exitosamente
⚠️ SEC12: Recomendación - Implementar endpoint /logout para invalidar tokens
]]></system-out>
  </testcase>
  <testcase name="testInputSizeValidation" classname="com.example.api.SecurityVulnerabilityTest" time="0.022">
    <system-out><![CDATA[✅ SEC13: Validación de tamaño de input funcionando
]]></system-out>
  </testcase>
  <testcase name="testEmailFormatValidation" classname="com.example.api.SecurityVulnerabilityTest" time="0.044">
    <system-out><![CDATA[✅ SEC14: Validación de formato de email correcta
]]></system-out>
  </testcase>
  <testcase name="testSecurityReport" classname="com.example.api.SecurityVulnerabilityTest" time="0.005">
    <system-out><![CDATA[
═══════════════════════════════════════════════════════
📋 REPORTE DE SEGURIDAD - OWASP TOP 10
═══════════════════════════════════════════════════════
✅ A01 - Broken Access Control: VERIFICADO
✅ A02 - Cryptographic Failures: VERIFICADO
✅ A03 - Injection: VERIFICADO
⚠️ A04 - Insecure Design: PARCIAL (falta rate limiting)
⚠️ A05 - Security Misconfiguration: PARCIAL (faltan headers)
✅ A07 - Authentication Failures: VERIFICADO
═══════════════════════════════════════════════════════

]]></system-out>
  </testcase>
</testsuite>