<?xml version="1.0" encoding="UTF-8"?>
<testsuite xmlns:xsi="http://www.w3.org/2001/XMLSchema-instance" xsi:noNamespaceSchemaLocation="https://maven.apache.org/surefire/maven-surefire-plugin/xsd/surefire-test-report-3.0.xsd" version="3.0" name="com.example.api.ApiApplicationTest" time="30.892" tests="17" errors="0" skipped="0" failures="0">
  <properties>
[...]
</properties>
  <testcase name="testRegistroExitoso" classname="com.example.api.ApiApplicationTest" time="4.7">
    <system-out><![CDATA[20:23:33.589 [main] INFO org.springframework.test.context.support.AnnotationConfigContextLoaderUtils -- Could not detect default configuration classes for test class [com.example.api.ApiApplicationTest]: ApiApplicationTest does not declare any static, non-private, non-final, nested classes annotated with @Configuration.
20:23:34.382 [main] INFO org.springframework.boot.test.context.SpringBootTestContextBootstrapper -- Found @SpringBootConfiguration com.example.api.ApiApplication for test class com.example.api.ApiApplicationTest

  .   ____          _            __ _ _
 /\\ / ___'_ __ _ _(_)_ __  __ _ \ \ \ \
( ( )\___ | '_ | '_| | '_ \/ _` | \ \ \ \
 \\/  ___)| |_)| | | | | || (_| |  ) ) ) )
  '  |____| .__|_| |_|_| |_\__, | / / / /
 =========|_|==============|___/=/_/_/_/
 :: Spring Boot ::                (v3.2.0)

2025-11-05T20:23:39.751-05:00  INFO 4600 --- [           main] com.example.api.ApiApplicationTest       : Starting ApiApplicationTest using Java 17.0.12 with PID 4600 (started by usuaario in C:\Users\usuaario\OneDrive\Escritorio\PIM\PIM\Api)
2025-11-05T20:23:39.760-05:00  INFO 4600 --- [           main] com.example.api.ApiApplicationTest       : No active profile set, falling back to 1 default profile: "default"
2025-11-05T20:23:51.788-05:00  INFO 4600 --- [           main] o.s.b.w.embedded.tomcat.TomcatWebServer  : Tomcat initialized with port 0 (http)
2025-11-05T20:23:51.854-05:00  INFO 4600 --- [           main] o.apache.catalina.core.StandardService   : Starting service [Tomcat]
2025-11-05T20:23:51.857-05:00  INFO 4600 --- [           main] o.apache.catalina.core.StandardEngine    : Starting Servlet engine: [Apache Tomcat/10.1.16]
2025-11-05T20:23:52.310-05:00  INFO 4600 --- [           main] o.a.c.c.C.[Tomcat].[localhost].[/]       : Initializing Spring embedded WebApplicationContext
2025-11-05T20:23:52.317-05:00  INFO 4600 --- [           main] w.s.c.ServletWebServerApplicationContext : Root WebApplicationContext: initialization completed in 8369 ms
2025-11-05T20:23:53.913-05:00  WARN 4600 --- [           main] .s.s.UserDetailsServiceAutoConfiguration : 

Using generated security password: d3ad93f5-2f61-46e8-bd07-6d3006537bc2

This generated password is for development use only. Your security configuration must be updated before running your application in production.

2025-11-05T20:23:55.451-05:00  INFO 4600 --- [           main] o.s.s.web.DefaultSecurityFilterChain     : Will secure any request with [org.springframework.security.web.session.DisableEncodeUrlFilter@2a384b46, org.springframework.security.web.context.request.async.WebAsyncManagerIntegrationFilter@74355746, org.springframework.security.web.context.SecurityContextHolderFilter@109d3527, org.springframework.security.web.header.HeaderWriterFilter@295692fd, org.springframework.web.filter.CorsFilter@1c0697c9, org.springframework.security.web.authentication.logout.LogoutFilter@347b27f3, org.springframework.security.web.savedrequest.RequestCacheAwareFilter@ff1d29, org.springframework.security.web.servletapi.SecurityContextHolderAwareRequestFilter@567dc7d7, org.springframework.security.web.authentication.AnonymousAuthenticationFilter@31f5829e, org.springframework.security.web.access.ExceptionTranslationFilter@1b404a21, org.springframework.security.web.access.intercept.AuthorizationFilter@4743220d]
2025-11-05T20:23:56.539-05:00  INFO 4600 --- [           main] o.s.b.w.embedded.tomcat.TomcatWebServer  : Tomcat started on port 64128 (http) with context path ''
2025-11-05T20:23:56.565-05:00  INFO 4600 --- [           main] com.example.api.ApiApplicationTest       : Started ApiApplicationTest in 19.548 seconds (process running for 28.117)
2025-11-05T20:24:00.683-05:00  INFO 4600 --- [o-auto-1-exec-1] o.a.c.c.C.[Tomcat].[localhost].[/]       : Initializing Spring DispatcherServlet 'dispatcherServlet'
2025-11-05T20:24:00.684-05:00  INFO 4600 --- [o-auto-1-exec-1] o.s.web.servlet.DispatcherServlet        : Initializing Servlet 'dispatcherServlet'
2025-11-05T20:24:00.690-05:00  INFO 4600 --- [o-auto-1-exec-1] o.s.web.servlet.DispatcherServlet        : Completed initialization in 5 ms
2025-11-05T20:24:00.768-05:00  WARN 4600 --- [o-auto-1-exec-1] o.s.w.s.h.HandlerMappingIntrospector     : Cache miss for REQUEST dispatch to '/registro' (previous null). Performing CorsConfiguration lookup. This is logged once only at WARN level, and every time at TRACE.
2025-11-05T20:24:00.838-05:00  WARN 4600 --- [o-auto-1-exec-1] o.s.w.s.h.HandlerMappingIntrospector     : Cache miss for REQUEST dispatch to '/registro' (previous null). Performing MatchableHandlerMapping lookup. This is logged once only at WARN level, and every time at TRACE.
]]></system-out>
  </testcase>
  <testcase name="testRegistroEmailDuplicado" classname="com.example.api.ApiApplicationTest" time="0.042"/>
  <testcase name="testRegistroSinEmail" classname="com.example.api.ApiApplicationTest" time="0.025"/>
  <testcase name="testRegistroSinPassword" classname="com.example.api.ApiApplicationTest" time="0.022"/>
  <testcase name="testLoginExitoso" classname="com.example.api.ApiApplicationTest" time="0.332"/>
  <testcase name="testLoginSinCredenciales" classname="com.example.api.ApiApplicationTest" time="0.032"/>
  <testcase name="testGuardarInfoPersonalExitoso" classname="com.example.api.ApiApplicationTest" time="0.133"/>
  <testcase name="testGuardarInfoPersonalSinToken" classname="com.example.api.ApiApplicationTest" time="0.069">
    <system-out><![CDATA[2025-11-05T20:24:01.966-05:00  WARN 4600 --- [o-auto-1-exec-8] .w.s.m.s.DefaultHandlerExceptionResolver : Resolved [org.springframework.web.bind.MissingRequestHeaderException: Required request header 'x-access-token' for method parameter type String is not present]
]]></system-out>
  </testcase>
  <testcase name="testGuardarInfoFinancieraExitoso" classname="com.example.api.ApiApplicationTest" time="0.043">
    <system-out><![CDATA[🔍 Datos recibidos completos: {alimentacion=800000.0, otros=200000.0, ingreso=5000000.0, transporte=400000.0, arriendoHipo=1500000.0, services=300000.0, fuenteIngreso=Salario}
💰 Ingreso: 5000000.0
💸 Total Gastos: 3200000.0
✅ Disponible: 1800000.0
✅ Datos guardados exitosamente
]]></system-out>
  </testcase>
  <testcase name="testGuardarInfoFinancieraConStrings" classname="com.example.api.ApiApplicationTest" time="0.049">
    <system-out><![CDATA[🔍 Datos recibidos completos: {alimentacion=$500,000, otros=$100,000, ingreso=$3,000,000, transporte=$300,000, arriendoHipo=$1,000,000, services=$200,000, fuenteIngreso=Freelance}
💰 Ingreso: 3000000.0
💸 Total Gastos: 2100000.0
✅ Disponible: 900000.0
✅ Datos guardados exitosamente
]]></system-out>
  </testcase>
  <testcase name="testGuardarInfoFinancieraSinToken" classname="com.example.api.ApiApplicationTest" time="0.044">
    <system-out><![CDATA[🔍 Datos recibidos completos: {alimentacion=400000.0, otros=100000.0, ingreso=2000000.0, transporte=200000.0, arriendoHipo=800000.0, services=150000.0}
💰 Ingreso: 2000000.0
💸 Total Gastos: 1650000.0
✅ Disponible: 350000.0
✅ Datos guardados exitosamente
]]></system-out>
  </testcase>
  <testcase name="testObtenerInfoFinancieraExitosa" classname="com.example.api.ApiApplicationTest" time="0.051">
    <system-out><![CDATA[🔍 Buscando datos para email: test@example.com
📊 Datos encontrados para gráfica: {totalGastos=2100000.0, alimentacion=500000.0, otros=100000.0, ingreso=3000000.0, transporte=300000.0, categorias=[Arriendo/Hipoteca, Servicios, Alimentación, Transporte, Otros], arriendoHipo=1000000.0, valores=[1000000.0, 200000.0, 500000.0, 300000.0, 100000.0], services=200000.0, fuenteIngreso=Freelance, disponible=900000.0}
]]></system-out>
  </testcase>
  <testcase name="testObtenerInfoFinancieraSinToken" classname="com.example.api.ApiApplicationTest" time="0.031">
    <system-out><![CDATA[🔍 Buscando datos para email: default@example.com
📊 Datos encontrados para gráfica: {totalGastos=1650000.0, alimentacion=400000.0, otros=100000.0, ingreso=2000000.0, transporte=200000.0, categorias=[Arriendo/Hipoteca, Servicios, Alimentación, Transporte, Otros], arriendoHipo=800000.0, valores=[800000.0, 150000.0, 400000.0, 200000.0, 100000.0], services=150000.0, fuenteIngreso=No especificado, disponible=350000.0}
]]></system-out>
  </testcase>
  <testcase name="testObtenerInfoPersonalExitoso" classname="com.example.api.ApiApplicationTest" time="0.033"/>
  <testcase name="testObtenerInfoPersonalSinToken" classname="com.example.api.ApiApplicationTest" time="0.028">
    <system-out><![CDATA[2025-11-05T20:24:02.317-05:00  WARN 4600 --- [o-auto-1-exec-5] .w.s.m.s.DefaultHandlerExceptionResolver : Resolved [org.springframework.web.bind.MissingRequestHeaderException: Required request header 'x-access-token' for method parameter type String is not present]
]]></system-out>
  </testcase>
  <testcase name="testCalculosFinancierosCorrectos" classname="com.example.api.ApiApplicationTest" time="0.046">
    <system-out><![CDATA[🔍 Datos recibidos completos: {alimentacion=1500000.0, otros=300000.0, ingreso=1.0E7, transporte=800000.0, arriendoHipo=2000000.0, services=500000.0}
💰 Ingreso: 1.0E7
💸 Total Gastos: 5100000.0
✅ Disponible: 4900000.0
✅ Datos guardados exitosamente
]]></system-out>
  </testcase>
  <testcase name="testActualizarInfoFinanciera" classname="com.example.api.ApiApplicationTest" time="0.083">
    <system-out><![CDATA[🔍 Datos recibidos completos: {alimentacion=600000.0, otros=100000.0, ingreso=4000000.0, transporte=300000.0, arriendoHipo=1000000.0, services=200000.0}
💰 Ingreso: 4000000.0
💸 Total Gastos: 2200000.0
✅ Disponible: 1800000.0
✅ Datos guardados exitosamente
🔍 Datos recibidos completos: {alimentacion=800000.0, otros=200000.0, ingreso=5000000.0, transporte=400000.0, arriendoHipo=1500000.0, services=300000.0}
💰 Ingreso: 5000000.0
💸 Total Gastos: 3200000.0
✅ Disponible: 1800000.0
✅ Datos guardados exitosamente
]]></system-out>
  </testcase>
</testsuite>