<?xml version="1.0" encoding="UTF-8"?>
<testsuite xmlns:xsi="http://www.w3.org/2001/XMLSchema-instance" xsi:noNamespaceSchemaLocation="https://maven.apache.org/surefire/maven-surefire-plugin/xsd/surefire-test-report-3.0.xsd" version="3.0" name="com.example.api.LocalMLAnalysisTest" time="6.237" tests="8" errors="0" skipped="0" failures="2">
  <properties>
[...]
</properties>
  <testcase name="testRegistroConAnalisisEstadistico" classname="com.example.api.LocalMLAnalysisTest" time="0.253">
    <system-out><![CDATA[
  .   ____          _            __ _ _
 /\\ / ___'_ __ _ _(_)_ __  __ _ \ \ \ \
( ( )\___ | '_ | '_| | '_ \/ _` | \ \ \ \
 \\/  ___)| |_)| | | | | || (_| |  ) ) ) )
  '  |____| .__|_| |_|_| |_\__, | / / / /
 =========|_|==============|___/=/_/_/_/
 :: Spring Boot ::                (v3.2.0)

2025-11-05T20:24:02.772-05:00  INFO 4600 --- [           main] com.example.api.LocalMLAnalysisTest      : Starting LocalMLAnalysisTest using Java 17.0.12 with PID 4600 (started by usuaario in C:\Users\usuaario\OneDrive\Escritorio\PIM\PIM\Api)
2025-11-05T20:24:02.773-05:00  INFO 4600 --- [           main] com.example.api.LocalMLAnalysisTest      : No active profile set, falling back to 1 default profile: "default"
2025-11-05T20:24:03.712-05:00  INFO 4600 --- [           main] o.s.b.w.embedded.tomcat.TomcatWebServer  : Tomcat initialized with port 0 (http)
2025-11-05T20:24:03.719-05:00  INFO 4600 --- [           main] o.apache.catalina.core.StandardService   : Starting service [Tomcat]
2025-11-05T20:24:03.725-05:00  INFO 4600 --- [           main] o.apache.catalina.core.StandardEngine    : Starting Servlet engine: [Apache Tomcat/10.1.16]
2025-11-05T20:24:03.880-05:00  INFO 4600 --- [           main] o.a.c.c.C.[Tomcat-1].[localhost].[/]     : Initializing Spring embedded WebApplicationContext
2025-11-05T20:24:03.881-05:00  INFO 4600 --- [           main] w.s.c.ServletWebServerApplicationContext : Root WebApplicationContext: initialization completed in 1089 ms
2025-11-05T20:24:04.009-05:00  WARN 4600 --- [           main] .s.s.UserDetailsServiceAutoConfiguration : 

Using generated security password: 3bef7bff-ca11-482d-8b4b-bcab61ef018c

This generated password is for development use only. Your security configuration must be updated before running your application in production.

2025-11-05T20:24:04.203-05:00  INFO 4600 --- [           main] o.s.s.web.DefaultSecurityFilterChain     : Will secure any request with [org.springframework.security.web.session.DisableEncodeUrlFilter@2ef08ad0, org.springframework.security.web.context.request.async.WebAsyncManagerIntegrationFilter@2fab6393, org.springframework.security.web.context.SecurityContextHolderFilter@35d36423, org.springframework.security.web.header.HeaderWriterFilter@77ad33c, org.springframework.web.filter.CorsFilter@41e5664e, org.springframework.security.web.authentication.logout.LogoutFilter@5aab7e3b, org.springframework.security.web.savedrequest.RequestCacheAwareFilter@416e5cb, org.springframework.security.web.servletapi.SecurityContextHolderAwareRequestFilter@25452a5d, org.springframework.security.web.authentication.AnonymousAuthenticationFilter@7da7b071, org.springframework.security.web.access.ExceptionTranslationFilter@5a5f65b9, org.springframework.security.web.access.intercept.AuthorizationFilter@653b28b3]
2025-11-05T20:24:04.210-05:00  INFO 4600 --- [           main] o.s.s.web.DefaultSecurityFilterChain     : Will secure any request with [org.springframework.security.web.session.DisableEncodeUrlFilter@3aeb6a57, org.springframework.security.web.context.request.async.WebAsyncManagerIntegrationFilter@445eb192, org.springframework.security.web.context.SecurityContextHolderFilter@6b869242, org.springframework.security.web.header.HeaderWriterFilter@7879348, org.springframework.web.filter.CorsFilter@7dbb7ca8, org.springframework.security.web.authentication.logout.LogoutFilter@4137ff9f, org.springframework.security.web.savedrequest.RequestCacheAwareFilter@4ee706ff, org.springframework.security.web.servletapi.SecurityContextHolderAwareRequestFilter@25daa0a0, org.springframework.security.web.authentication.AnonymousAuthenticationFilter@4fb52fa5, org.springframework.security.web.access.ExceptionTranslationFilter@21d297a, org.springframework.security.web.access.intercept.AuthorizationFilter@47bea04a]
2025-11-05T20:24:04.441-05:00  INFO 4600 --- [           main] o.s.b.w.embedded.tomcat.TomcatWebServer  : Tomcat started on port 55708 (http) with context path ''
2025-11-05T20:24:04.447-05:00  INFO 4600 --- [           main] com.example.api.LocalMLAnalysisTest      : Started LocalMLAnalysisTest in 1.912 seconds (process running for 36.001)
2025-11-05T20:24:04.492-05:00  INFO 4600 --- [o-auto-2-exec-2] o.a.c.c.C.[Tomcat-1].[localhost].[/]     : Initializing Spring DispatcherServlet 'dispatcherServlet'
2025-11-05T20:24:04.492-05:00  INFO 4600 --- [o-auto-2-exec-2] o.s.web.servlet.DispatcherServlet        : Initializing Servlet 'dispatcherServlet'
2025-11-05T20:24:04.497-05:00  INFO 4600 --- [o-auto-2-exec-2] o.s.web.servlet.DispatcherServlet        : Completed initialization in 4 ms
2025-11-05T20:24:04.500-05:00  WARN 4600 --- [o-auto-2-exec-2] o.s.w.s.h.HandlerMappingIntrospector     : Cache miss for REQUEST dispatch to '/registro' (previous null). Performing CorsConfiguration lookup. This is logged once only at WARN level, and every time at TRACE.
2025-11-05T20:24:04.502-05:00  WARN 4600 --- [o-auto-2-exec-2] o.s.w.s.h.HandlerMappingIntrospector     : Cache miss for REQUEST dispatch to '/registro' (previous null). Performing MatchableHandlerMapping lookup. This is logged once only at WARN level, and every time at TRACE.
📊 ML Completeness Score: 100.0%
]]></system-out>
  </testcase>
  <testcase name="testLoginConClusteringTiempos" classname="com.example.api.LocalMLAnalysisTest" time="1.366">
    <system-out><![CDATA[🔍 ML Clustering: 2 clusters detectados
📊 Distribución: {0=7, 1=3}
⚖️ Balance: ✅ Balanceado
⏱️ Tiempo promedio: 121.4ms
⏱️ Tiempo máximo: 134.0ms
📊 Desviación estándar: 11.78699848703364ms
🎯 Outliers detectados: 0
]]></system-out>
  </testcase>
  <testcase name="testCorrelacionIngresoGastos" classname="com.example.api.LocalMLAnalysisTest" time="0.357">
    <system-out><![CDATA[🔍 Datos recibidos completos: {alimentacion=550000.0, otros=150000.0, ingreso=2500000.0, transporte=300000.0, arriendoHipo=750000.0, services=200000.0}
💰 Ingreso: 2500000.0
💸 Total Gastos: 1950000.0
✅ Disponible: 550000.0
✅ Datos guardados exitosamente
🔍 Datos recibidos completos: {alimentacion=600000.0, otros=150000.0, ingreso=3000000.0, transporte=300000.0, arriendoHipo=900000.0, services=200000.0}
💰 Ingreso: 3000000.0
💸 Total Gastos: 2150000.0
✅ Disponible: 850000.0
✅ Datos guardados exitosamente
🔍 Datos recibidos completos: {alimentacion=650000.0, otros=150000.0, ingreso=3500000.0, transporte=300000.0, arriendoHipo=1050000.0, services=200000.0}
💰 Ingreso: 3500000.0
💸 Total Gastos: 2350000.0
✅ Disponible: 1150000.0
✅ Datos guardados exitosamente
🔍 Datos recibidos completos: {alimentacion=700000.0, otros=150000.0, ingreso=4000000.0, transporte=300000.0, arriendoHipo=1200000.0, services=200000.0}
💰 Ingreso: 4000000.0
💸 Total Gastos: 2550000.0
✅ Disponible: 1450000.0
✅ Datos guardados exitosamente
🔍 Datos recibidos completos: {alimentacion=750000.0, otros=150000.0, ingreso=4500000.0, transporte=300000.0, arriendoHipo=1350000.0, services=200000.0}
💰 Ingreso: 4500000.0
💸 Total Gastos: 2750000.0
✅ Disponible: 1750000.0
✅ Datos guardados exitosamente
🔍 Datos recibidos completos: {alimentacion=800000.0, otros=150000.0, ingreso=5000000.0, transporte=300000.0, arriendoHipo=1500000.0, services=200000.0}
💰 Ingreso: 5000000.0
💸 Total Gastos: 2950000.0
✅ Disponible: 2050000.0
✅ Datos guardados exitosamente
🔍 Datos recibidos completos: {alimentacion=850000.0, otros=150000.0, ingreso=5500000.0, transporte=300000.0, arriendoHipo=1650000.0, services=200000.0}
💰 Ingreso: 5500000.0
💸 Total Gastos: 3150000.0
✅ Disponible: 2350000.0
✅ Datos guardados exitosamente
🔍 Datos recibidos completos: {alimentacion=900000.0, otros=150000.0, ingreso=6000000.0, transporte=300000.0, arriendoHipo=1800000.0, services=200000.0}
💰 Ingreso: 6000000.0
💸 Total Gastos: 3350000.0
✅ Disponible: 2650000.0
✅ Datos guardados exitosamente
🔍 Datos recibidos completos: {alimentacion=950000.0, otros=150000.0, ingreso=6500000.0, transporte=300000.0, arriendoHipo=1950000.0, services=200000.0}
💰 Ingreso: 6500000.0
💸 Total Gastos: 3550000.0
✅ Disponible: 2950000.0
✅ Datos guardados exitosamente
🔍 Datos recibidos completos: {alimentacion=1000000.0, otros=150000.0, ingreso=7000000.0, transporte=300000.0, arriendoHipo=2100000.0, services=200000.0}
💰 Ingreso: 7000000.0
💸 Total Gastos: 3750000.0
✅ Disponible: 3250000.0
✅ Datos guardados exitosamente
📈 Correlación Ingreso-Gastos: 1.0000
✅ Correlación positiva fuerte detectada
📊 Tendencia Ingresos: STRONGLY_INCREASING
📊 Tendencia Gastos: STRONGLY_INCREASING
]]></system-out>
  </testcase>
  <testcase name="testDeteccionAnomaliasConIQR" classname="com.example.api.LocalMLAnalysisTest" time="0.392">
    <system-out><![CDATA[🔍 Datos recibidos completos: {alimentacion=240000.0, otros=60000.0, ingreso=5000000.0, transporte=120000.0, arriendoHipo=600000.0, services=180000.0}
💰 Ingreso: 5000000.0
💸 Total Gastos: 1200000.0
✅ Disponible: 3800000.0
✅ Datos guardados exitosamente
🔍 Datos recibidos completos: {alimentacion=230000.0, otros=57500.0, ingreso=5000000.0, transporte=115000.0, arriendoHipo=575000.0, services=172500.0}
💰 Ingreso: 5000000.0
💸 Total Gastos: 1150000.0
✅ Disponible: 3850000.0
✅ Datos guardados exitosamente
🔍 Datos recibidos completos: {alimentacion=260000.0, otros=65000.0, ingreso=5000000.0, transporte=130000.0, arriendoHipo=650000.0, services=195000.0}
💰 Ingreso: 5000000.0
💸 Total Gastos: 1300000.0
✅ Disponible: 3700000.0
✅ Datos guardados exitosamente
🔍 Datos recibidos completos: {alimentacion=250000.0, otros=62500.0, ingreso=5000000.0, transporte=125000.0, arriendoHipo=625000.0, services=187500.0}
💰 Ingreso: 5000000.0
💸 Total Gastos: 1250000.0
✅ Disponible: 3750000.0
✅ Datos guardados exitosamente
🔍 Datos recibidos completos: {alimentacion=236000.0, otros=59000.0, ingreso=5000000.0, transporte=118000.0, arriendoHipo=590000.0, services=177000.0}
💰 Ingreso: 5000000.0
💸 Total Gastos: 1180000.0
✅ Disponible: 3820000.0
✅ Datos guardados exitosamente
🔍 Datos recibidos completos: {alimentacion=1000000.0, otros=250000.0, ingreso=5000000.0, transporte=500000.0, arriendoHipo=2500000.0, services=750000.0}
💰 Ingreso: 5000000.0
💸 Total Gastos: 5000000.0
✅ Disponible: 0.0
✅ Datos guardados exitosamente
🔍 Datos recibidos completos: {alimentacion=244000.0, otros=61000.0, ingreso=5000000.0, transporte=122000.0, arriendoHipo=610000.0, services=183000.0}
💰 Ingreso: 5000000.0
💸 Total Gastos: 1220000.0
✅ Disponible: 3780000.0
✅ Datos guardados exitosamente
🔍 Datos recibidos completos: {alimentacion=256000.0, otros=64000.0, ingreso=5000000.0, transporte=128000.0, arriendoHipo=640000.0, services=192000.0}
💰 Ingreso: 5000000.0
💸 Total Gastos: 1280000.0
✅ Disponible: 3720000.0
✅ Datos guardados exitosamente
🔍 Datos recibidos completos: {alimentacion=1200000.0, otros=300000.0, ingreso=5000000.0, transporte=600000.0, arriendoHipo=3000000.0, services=900000.0}
💰 Ingreso: 5000000.0
💸 Total Gastos: 6000000.0
✅ Disponible: -1000000.0
✅ Datos guardados exitosamente
🔍 Datos recibidos completos: {alimentacion=238000.0, otros=59500.0, ingreso=5000000.0, transporte=119000.0, arriendoHipo=595000.0, services=178500.0}
💰 Ingreso: 5000000.0
💸 Total Gastos: 1190000.0
✅ Disponible: 3810000.0
✅ Datos guardados exitosamente
🔍 Outliers detectados: 2
📊 Índices de anomalías: [5, 8]
📉 Límite inferior: -368750.00
📈 Límite superior: 3781250.00
]]></system-out>
  </testcase>
  <testcase name="testDistribucionNormalDatosFinancieros" classname="com.example.api.LocalMLAnalysisTest" time="1.016">
    <failure message="Los ingresos no siguen distribución normal ==&gt; expected: &lt;true&gt; but was: &lt;false&gt;" type="org.opentest4j.AssertionFailedError"><![CDATA[org.opentest4j.AssertionFailedError: Los ingresos no siguen distribución normal ==> expected: <true> but was: <false>
	at org.junit.jupiter.api.AssertionFailureBuilder.build(AssertionFailureBuilder.java:151)
	at org.junit.jupiter.api.AssertionFailureBuilder.buildAndThrow(AssertionFailureBuilder.java:132)
	at org.junit.jupiter.api.AssertTrue.failNotTrue(AssertTrue.java:63)
	at org.junit.jupiter.api.AssertTrue.assertTrue(AssertTrue.java:36)
	at org.junit.jupiter.api.Assertions.assertTrue(Assertions.java:214)
	at com.example.api.LocalMLAnalysisTest.testDistribucionNormalDatosFinancieros(LocalMLAnalysisTest.java:471)
	at java.base/java.lang.reflect.Method.invoke(Method.java:568)
	at java.base/java.util.ArrayList.forEach(ArrayList.java:1511)
	at java.base/java.util.ArrayList.forEach(ArrayList.java:1511)
]]></failure>
    <system-out><![CDATA[🔍 Datos recibidos completos: {alimentacion=600000.0, otros=200000.0, ingreso=4570952.657736528, transporte=350000.0, arriendoHipo=1200000.0, services=250000.0}
💰 Ingreso: 4570952.657736528
💸 Total Gastos: 2600000.0
✅ Disponible: 1970952.6577365277
✅ Datos guardados exitosamente
🔍 Datos recibidos completos: {alimentacion=600000.0, otros=200000.0, ingreso=4459703.974491394, transporte=350000.0, arriendoHipo=1200000.0, services=250000.0}
💰 Ingreso: 4459703.974491394
💸 Total Gastos: 2600000.0
✅ Disponible: 1859703.9744913941
✅ Datos guardados exitosamente
🔍 Datos recibidos completos: {alimentacion=600000.0, otros=200000.0, ingreso=3525066.681554552, transporte=350000.0, arriendoHipo=1200000.0, services=250000.0}
💰 Ingreso: 3525066.681554552
💸 Total Gastos: 2600000.0
✅ Disponible: 925066.6815545522
✅ Datos guardados exitosamente
🔍 Datos recibidos completos: {alimentacion=600000.0, otros=200000.0, ingreso=3446504.8568003313, transporte=350000.0, arriendoHipo=1200000.0, services=250000.0}
💰 Ingreso: 3446504.8568003313
💸 Total Gastos: 2600000.0
✅ Disponible: 846504.8568003313
✅ Datos guardados exitosamente
🔍 Datos recibidos completos: {alimentacion=600000.0, otros=200000.0, ingreso=4140488.8190363897, transporte=350000.0, arriendoHipo=1200000.0, services=250000.0}
💰 Ingreso: 4140488.8190363897
💸 Total Gastos: 2600000.0
✅ Disponible: 1540488.8190363897
✅ Datos guardados exitosamente
🔍 Datos recibidos completos: {alimentacion=600000.0, otros=200000.0, ingreso=4342311.397816327, transporte=350000.0, arriendoHipo=1200000.0, services=250000.0}
💰 Ingreso: 4342311.397816327
💸 Total Gastos: 2600000.0
✅ Disponible: 1742311.3978163274
✅ Datos guardados exitosamente
🔍 Datos recibidos completos: {alimentacion=600000.0, otros=200000.0, ingreso=3591389.2963006366, transporte=350000.0, arriendoHipo=1200000.0, services=250000.0}
💰 Ingreso: 3591389.2963006366
💸 Total Gastos: 2600000.0
✅ Disponible: 991389.2963006366
✅ Datos guardados exitosamente
🔍 Datos recibidos completos: {alimentacion=600000.0, otros=200000.0, ingreso=3301678.298660978, transporte=350000.0, arriendoHipo=1200000.0, services=250000.0}
💰 Ingreso: 3301678.298660978
💸 Total Gastos: 2600000.0
✅ Disponible: 701678.2986609782
✅ Datos guardados exitosamente
🔍 Datos recibidos completos: {alimentacion=600000.0, otros=200000.0, ingreso=3904527.7434645626, transporte=350000.0, arriendoHipo=1200000.0, services=250000.0}
💰 Ingreso: 3904527.7434645626
💸 Total Gastos: 2600000.0
✅ Disponible: 1304527.7434645626
✅ Datos guardados exitosamente
🔍 Datos recibidos completos: {alimentacion=600000.0, otros=200000.0, ingreso=4743106.696195325, transporte=350000.0, arriendoHipo=1200000.0, services=250000.0}
💰 Ingreso: 4743106.696195325
💸 Total Gastos: 2600000.0
✅ Disponible: 2143106.696195325
✅ Datos guardados exitosamente
🔍 Datos recibidos completos: {alimentacion=600000.0, otros=200000.0, ingreso=4401153.574843681, transporte=350000.0, arriendoHipo=1200000.0, services=250000.0}
💰 Ingreso: 4401153.574843681
💸 Total Gastos: 2600000.0
✅ Disponible: 1801153.5748436814
✅ Datos guardados exitosamente
🔍 Datos recibidos completos: {alimentacion=600000.0, otros=200000.0, ingreso=3939243.537667253, transporte=350000.0, arriendoHipo=1200000.0, services=250000.0}
💰 Ingreso: 3939243.537667253
💸 Total Gastos: 2600000.0
✅ Disponible: 1339243.537667253
✅ Datos guardados exitosamente
🔍 Datos recibidos completos: {alimentacion=600000.0, otros=200000.0, ingreso=4705253.1119719315, transporte=350000.0, arriendoHipo=1200000.0, services=250000.0}
💰 Ingreso: 4705253.1119719315
💸 Total Gastos: 2600000.0
✅ Disponible: 2105253.1119719315
✅ Datos guardados exitosamente
🔍 Datos recibidos completos: {alimentacion=600000.0, otros=200000.0, ingreso=3679883.608893213, transporte=350000.0, arriendoHipo=1200000.0, services=250000.0}
💰 Ingreso: 3679883.608893213
💸 Total Gastos: 2600000.0
✅ Disponible: 1079883.6088932129
✅ Datos guardados exitosamente
🔍 Datos recibidos completos: {alimentacion=600000.0, otros=200000.0, ingreso=3395177.770373354, transporte=350000.0, arriendoHipo=1200000.0, services=250000.0}
💰 Ingreso: 3395177.770373354
💸 Total Gastos: 2600000.0
✅ Disponible: 795177.7703733542
✅ Datos guardados exitosamente
🔍 Datos recibidos completos: {alimentacion=600000.0, otros=200000.0, ingreso=4176878.8489360143, transporte=350000.0, arriendoHipo=1200000.0, services=250000.0}
💰 Ingreso: 4176878.8489360143
💸 Total Gastos: 2600000.0
✅ Disponible: 1576878.8489360143
✅ Datos guardados exitosamente
🔍 Datos recibidos completos: {alimentacion=600000.0, otros=200000.0, ingreso=3754825.175400496, transporte=350000.0, arriendoHipo=1200000.0, services=250000.0}
💰 Ingreso: 3754825.175400496
💸 Total Gastos: 2600000.0
✅ Disponible: 1154825.175400496
✅ Datos guardados exitosamente
🔍 Datos recibidos completos: {alimentacion=600000.0, otros=200000.0, ingreso=4275360.769137181, transporte=350000.0, arriendoHipo=1200000.0, services=250000.0}
💰 Ingreso: 4275360.769137181
💸 Total Gastos: 2600000.0
✅ Disponible: 1675360.7691371813
✅ Datos guardados exitosamente
🔍 Datos recibidos completos: {alimentacion=600000.0, otros=200000.0, ingreso=3398224.4990174584, transporte=350000.0, arriendoHipo=1200000.0, services=250000.0}
💰 Ingreso: 3398224.4990174584
💸 Total Gastos: 2600000.0
✅ Disponible: 798224.4990174584
✅ Datos guardados exitosamente
🔍 Datos recibidos completos: {alimentacion=600000.0, otros=200000.0, ingreso=4160508.0403208206, transporte=350000.0, arriendoHipo=1200000.0, services=250000.0}
💰 Ingreso: 4160508.0403208206
💸 Total Gastos: 2600000.0
✅ Disponible: 1560508.0403208206
✅ Datos guardados exitosamente
🔍 Datos recibidos completos: {alimentacion=600000.0, otros=200000.0, ingreso=4775573.819433591, transporte=350000.0, arriendoHipo=1200000.0, services=250000.0}
💰 Ingreso: 4775573.819433591
💸 Total Gastos: 2600000.0
✅ Disponible: 2175573.8194335913
✅ Datos guardados exitosamente
🔍 Datos recibidos completos: {alimentacion=600000.0, otros=200000.0, ingreso=4219265.143123552, transporte=350000.0, arriendoHipo=1200000.0, services=250000.0}
💰 Ingreso: 4219265.143123552
💸 Total Gastos: 2600000.0
✅ Disponible: 1619265.1431235522
✅ Datos guardados exitosamente
🔍 Datos recibidos completos: {alimentacion=600000.0, otros=200000.0, ingreso=4240799.03041227, transporte=350000.0, arriendoHipo=1200000.0, services=250000.0}
💰 Ingreso: 4240799.03041227
💸 Total Gastos: 2600000.0
✅ Disponible: 1640799.0304122698
✅ Datos guardados exitosamente
🔍 Datos recibidos completos: {alimentacion=600000.0, otros=200000.0, ingreso=4759815.539484034, transporte=350000.0, arriendoHipo=1200000.0, services=250000.0}
💰 Ingreso: 4759815.539484034
💸 Total Gastos: 2600000.0
✅ Disponible: 2159815.5394840343
✅ Datos guardados exitosamente
🔍 Datos recibidos completos: {alimentacion=600000.0, otros=200000.0, ingreso=3861584.1354063377, transporte=350000.0, arriendoHipo=1200000.0, services=250000.0}
💰 Ingreso: 3861584.1354063377
💸 Total Gastos: 2600000.0
✅ Disponible: 1261584.1354063377
✅ Datos guardados exitosamente
🔍 Datos recibidos completos: {alimentacion=600000.0, otros=200000.0, ingreso=3958030.5107525685, transporte=350000.0, arriendoHipo=1200000.0, services=250000.0}
💰 Ingreso: 3958030.5107525685
💸 Total Gastos: 2600000.0
✅ Disponible: 1358030.5107525685
✅ Datos guardados exitosamente
🔍 Datos recibidos completos: {alimentacion=600000.0, otros=200000.0, ingreso=4627916.502894398, transporte=350000.0, arriendoHipo=1200000.0, services=250000.0}
💰 Ingreso: 4627916.502894398
💸 Total Gastos: 2600000.0
✅ Disponible: 2027916.5028943978
✅ Datos guardados exitosamente
🔍 Datos recibidos completos: {alimentacion=600000.0, otros=200000.0, ingreso=3837363.603066711, transporte=350000.0, arriendoHipo=1200000.0, services=250000.0}
💰 Ingreso: 3837363.603066711
💸 Total Gastos: 2600000.0
✅ Disponible: 1237363.6030667112
✅ Datos guardados exitosamente
🔍 Datos recibidos completos: {alimentacion=600000.0, otros=200000.0, ingreso=3913354.8334694584, transporte=350000.0, arriendoHipo=1200000.0, services=250000.0}
💰 Ingreso: 3913354.8334694584
💸 Total Gastos: 2600000.0
✅ Disponible: 1313354.8334694584
✅ Datos guardados exitosamente
🔍 Datos recibidos completos: {alimentacion=600000.0, otros=200000.0, ingreso=3070707.4277067734, transporte=350000.0, arriendoHipo=1200000.0, services=250000.0}
💰 Ingreso: 3070707.4277067734
💸 Total Gastos: 2600000.0
✅ Disponible: 470707.4277067734
✅ Datos guardados exitosamente
📊 Distribución de ingresos: ⚠️ No normal
📊 Distribución de disponibles: ⚠️ No normal
📈 Ingresos - Media: 4039221.66
📈 Ingresos - Skewness: -0.1374
📈 Ingresos - Kurtosis: -0.8866
]]></system-out>
  </testcase>
  <testcase name="testPrediccionTendenciasRegresion" classname="com.example.api.LocalMLAnalysisTest" time="0.431">
    <failure message="Debería detectar tendencia creciente fuerte ==&gt; expected: &lt;STRONGLY_INCREASING&gt; but was: &lt;INCREASING&gt;" type="org.opentest4j.AssertionFailedError"><![CDATA[org.opentest4j.AssertionFailedError: Debería detectar tendencia creciente fuerte ==> expected: <STRONGLY_INCREASING> but was: <INCREASING>
	at org.junit.jupiter.api.AssertionFailureBuilder.build(AssertionFailureBuilder.java:151)
	at org.junit.jupiter.api.AssertionFailureBuilder.buildAndThrow(AssertionFailureBuilder.java:132)
	at org.junit.jupiter.api.AssertEquals.failNotEqual(AssertEquals.java:197)
	at org.junit.jupiter.api.AssertEquals.assertEquals(AssertEquals.java:182)
	at org.junit.jupiter.api.Assertions.assertEquals(Assertions.java:1156)
	at com.example.api.LocalMLAnalysisTest.testPrediccionTendenciasRegresion(LocalMLAnalysisTest.java:531)
	at java.base/java.lang.reflect.Method.invoke(Method.java:568)
	at java.base/java.util.ArrayList.forEach(ArrayList.java:1511)
	at java.base/java.util.ArrayList.forEach(ArrayList.java:1511)
]]></failure>
    <system-out><![CDATA[🔍 Datos recibidos completos: {alimentacion=512500.0, otros=102500.0, ingreso=5000000.0, transporte=307500.0, arriendoHipo=820000.0, services=307500.0}
💰 Ingreso: 5000000.0
💸 Total Gastos: 2050000.0
✅ Disponible: 2950000.0
✅ Datos guardados exitosamente
🔍 Datos recibidos completos: {alimentacion=525000.0, otros=105000.0, ingreso=5000000.0, transporte=315000.0, arriendoHipo=840000.0, services=315000.0}
💰 Ingreso: 5000000.0
💸 Total Gastos: 2100000.0
✅ Disponible: 2900000.0
✅ Datos guardados exitosamente
🔍 Datos recibidos completos: {alimentacion=537500.0, otros=107500.0, ingreso=5000000.0, transporte=322500.0, arriendoHipo=860000.0, services=322500.0}
💰 Ingreso: 5000000.0
💸 Total Gastos: 2150000.0
✅ Disponible: 2850000.0
✅ Datos guardados exitosamente
🔍 Datos recibidos completos: {alimentacion=550000.0, otros=110000.0, ingreso=5000000.0, transporte=330000.0, arriendoHipo=880000.0, services=330000.0}
💰 Ingreso: 5000000.0
💸 Total Gastos: 2200000.0
✅ Disponible: 2800000.0
✅ Datos guardados exitosamente
🔍 Datos recibidos completos: {alimentacion=562500.0, otros=112500.0, ingreso=5000000.0, transporte=337500.0, arriendoHipo=900000.0, services=337500.0}
💰 Ingreso: 5000000.0
💸 Total Gastos: 2250000.0
✅ Disponible: 2750000.0
✅ Datos guardados exitosamente
🔍 Datos recibidos completos: {alimentacion=575000.0, otros=115000.0, ingreso=5000000.0, transporte=345000.0, arriendoHipo=920000.0, services=345000.0}
💰 Ingreso: 5000000.0
💸 Total Gastos: 2300000.0
✅ Disponible: 2700000.0
✅ Datos guardados exitosamente
🔍 Datos recibidos completos: {alimentacion=587500.0, otros=117500.0, ingreso=5000000.0, transporte=352500.0, arriendoHipo=940000.0, services=352500.0}
💰 Ingreso: 5000000.0
💸 Total Gastos: 2350000.0
✅ Disponible: 2650000.0
✅ Datos guardados exitosamente
🔍 Datos recibidos completos: {alimentacion=600000.0, otros=120000.0, ingreso=5000000.0, transporte=360000.0, arriendoHipo=960000.0, services=360000.0}
💰 Ingreso: 5000000.0
💸 Total Gastos: 2400000.0
✅ Disponible: 2600000.0
✅ Datos guardados exitosamente
🔍 Datos recibidos completos: {alimentacion=612500.0, otros=122500.0, ingreso=5000000.0, transporte=367500.0, arriendoHipo=980000.0, services=367500.0}
💰 Ingreso: 5000000.0
💸 Total Gastos: 2450000.0
✅ Disponible: 2550000.0
✅ Datos guardados exitosamente
🔍 Datos recibidos completos: {alimentacion=625000.0, otros=125000.0, ingreso=5000000.0, transporte=375000.0, arriendoHipo=1000000.0, services=375000.0}
💰 Ingreso: 5000000.0
💸 Total Gastos: 2500000.0
✅ Disponible: 2500000.0
✅ Datos guardados exitosamente
🔍 Datos recibidos completos: {alimentacion=637500.0, otros=127500.0, ingreso=5000000.0, transporte=382500.0, arriendoHipo=1020000.0, services=382500.0}
💰 Ingreso: 5000000.0
💸 Total Gastos: 2550000.0
✅ Disponible: 2450000.0
✅ Datos guardados exitosamente
🔍 Datos recibidos completos: {alimentacion=650000.0, otros=130000.0, ingreso=5000000.0, transporte=390000.0, arriendoHipo=1040000.0, services=390000.0}
💰 Ingreso: 5000000.0
💸 Total Gastos: 2600000.0
✅ Disponible: 2400000.0
✅ Datos guardados exitosamente
📈 Tendencia detectada: INCREASING
📊 Pendiente: 50000.00
📊 Intercepto: 2050000.00
🔮 Predicción mes 13: 2700000.00
🔮 Predicción mes 14: 2750000.00
🔮 Predicción mes 15: 2800000.00
]]></system-out>
  </testcase>
  <testcase name="testClusteringMultidimensional" classname="com.example.api.LocalMLAnalysisTest" time="0.009">
    <system-out><![CDATA[🔍 Clusters detectados: 3
📊 Distribución por cluster:
   Cluster 0: 5 elementos
   Cluster 1: 5 elementos
   Cluster 2: 5 elementos
⚖️ Clustering balanceado: ✅ Sí
]]></system-out>
  </testcase>
  <testcase name="testValidacionConsistenciaEstadistica" classname="com.example.api.LocalMLAnalysisTest" time="0.412">
    <system-out><![CDATA[🔍 Datos recibidos completos: {alimentacion=700000.0, otros=200000.0, ingreso=4000000.0, transporte=400000.0, arriendoHipo=1200000.0, services=300000.0}
💰 Ingreso: 4000000.0
💸 Total Gastos: 2800000.0
✅ Disponible: 1200000.0
✅ Datos guardados exitosamente
🔍 Datos recibidos completos: {alimentacion=700000.0, otros=200000.0, ingreso=4000000.0, transporte=400000.0, arriendoHipo=1200000.0, services=300000.0}
💰 Ingreso: 4000000.0
💸 Total Gastos: 2800000.0
✅ Disponible: 1200000.0
✅ Datos guardados exitosamente
🔍 Datos recibidos completos: {alimentacion=700000.0, otros=200000.0, ingreso=4000000.0, transporte=400000.0, arriendoHipo=1200000.0, services=300000.0}
💰 Ingreso: 4000000.0
💸 Total Gastos: 2800000.0
✅ Disponible: 1200000.0
✅ Datos guardados exitosamente
🔍 Datos recibidos completos: {alimentacion=700000.0, otros=200000.0, ingreso=4000000.0, transporte=400000.0, arriendoHipo=1200000.0, services=300000.0}
💰 Ingreso: 4000000.0
💸 Total Gastos: 2800000.0
✅ Disponible: 1200000.0
✅ Datos guardados exitosamente
🔍 Datos recibidos completos: {alimentacion=700000.0, otros=200000.0, ingreso=4000000.0, transporte=400000.0, arriendoHipo=1200000.0, services=300000.0}
💰 Ingreso: 4000000.0
💸 Total Gastos: 2800000.0
✅ Disponible: 1200000.0
✅ Datos guardados exitosamente
🔍 Datos recibidos completos: {alimentacion=700000.0, otros=200000.0, ingreso=4000000.0, transporte=400000.0, arriendoHipo=1200000.0, services=300000.0}
💰 Ingreso: 4000000.0
💸 Total Gastos: 2800000.0
✅ Disponible: 1200000.0
✅ Datos guardados exitosamente
🔍 Datos recibidos completos: {alimentacion=700000.0, otros=200000.0, ingreso=4000000.0, transporte=400000.0, arriendoHipo=1200000.0, services=300000.0}
💰 Ingreso: 4000000.0
💸 Total Gastos: 2800000.0
✅ Disponible: 1200000.0
✅ Datos guardados exitosamente
🔍 Datos recibidos completos: {alimentacion=700000.0, otros=200000.0, ingreso=4000000.0, transporte=400000.0, arriendoHipo=1200000.0, services=300000.0}
💰 Ingreso: 4000000.0
💸 Total Gastos: 2800000.0
✅ Disponible: 1200000.0
✅ Datos guardados exitosamente
🔍 Datos recibidos completos: {alimentacion=700000.0, otros=200000.0, ingreso=4000000.0, transporte=400000.0, arriendoHipo=1200000.0, services=300000.0}
💰 Ingreso: 4000000.0
💸 Total Gastos: 2800000.0
✅ Disponible: 1200000.0
✅ Datos guardados exitosamente
🔍 Datos recibidos completos: {alimentacion=700000.0, otros=200000.0, ingreso=4000000.0, transporte=400000.0, arriendoHipo=1200000.0, services=300000.0}
💰 Ingreso: 4000000.0
💸 Total Gastos: 2800000.0
✅ Disponible: 1200000.0
✅ Datos guardados exitosamente
🔍 Datos recibidos completos: {alimentacion=700000.0, otros=200000.0, ingreso=4000000.0, transporte=400000.0, arriendoHipo=1200000.0, services=300000.0}
💰 Ingreso: 4000000.0
💸 Total Gastos: 2800000.0
✅ Disponible: 1200000.0
✅ Datos guardados exitosamente
🔍 Datos recibidos completos: {alimentacion=700000.0, otros=200000.0, ingreso=4000000.0, transporte=400000.0, arriendoHipo=1200000.0, services=300000.0}
💰 Ingreso: 4000000.0
💸 Total Gastos: 2800000.0
✅ Disponible: 1200000.0
✅ Datos guardados exitosamente
🔍 Datos recibidos completos: {alimentacion=700000.0, otros=200000.0, ingreso=4000000.0, transporte=400000.0, arriendoHipo=1200000.0, services=300000.0}
💰 Ingreso: 4000000.0
💸 Total Gastos: 2800000.0
✅ Disponible: 1200000.0
✅ Datos guardados exitosamente
🔍 Datos recibidos completos: {alimentacion=700000.0, otros=200000.0, ingreso=4000000.0, transporte=400000.0, arriendoHipo=1200000.0, services=300000.0}
💰 Ingreso: 4000000.0
💸 Total Gastos: 2800000.0
✅ Disponible: 1200000.0
✅ Datos guardados exitosamente
🔍 Datos recibidos completos: {alimentacion=700000.0, otros=200000.0, ingreso=4000000.0, transporte=400000.0, arriendoHipo=1200000.0, services=300000.0}
💰 Ingreso: 4000000.0
💸 Total Gastos: 2800000.0
✅ Disponible: 1200000.0
✅ Datos guardados exitosamente
🔍 Datos recibidos completos: {alimentacion=700000.0, otros=200000.0, ingreso=4000000.0, transporte=400000.0, arriendoHipo=1200000.0, services=300000.0}
💰 Ingreso: 4000000.0
💸 Total Gastos: 2800000.0
✅ Disponible: 1200000.0
✅ Datos guardados exitosamente
🔍 Datos recibidos completos: {alimentacion=700000.0, otros=200000.0, ingreso=4000000.0, transporte=400000.0, arriendoHipo=1200000.0, services=300000.0}
💰 Ingreso: 4000000.0
💸 Total Gastos: 2800000.0
✅ Disponible: 1200000.0
✅ Datos guardados exitosamente
🔍 Datos recibidos completos: {alimentacion=700000.0, otros=200000.0, ingreso=4000000.0, transporte=400000.0, arriendoHipo=1200000.0, services=300000.0}
💰 Ingreso: 4000000.0
💸 Total Gastos: 2800000.0
✅ Disponible: 1200000.0
✅ Datos guardados exitosamente
🔍 Datos recibidos completos: {alimentacion=700000.0, otros=200000.0, ingreso=4000000.0, transporte=400000.0, arriendoHipo=1200000.0, services=300000.0}
💰 Ingreso: 4000000.0
💸 Total Gastos: 2800000.0
✅ Disponible: 1200000.0
✅ Datos guardados exitosamente
🔍 Datos recibidos completos: {alimentacion=700000.0, otros=200000.0, ingreso=4000000.0, transporte=400000.0, arriendoHipo=1200000.0, services=300000.0}
💰 Ingreso: 4000000.0
💸 Total Gastos: 2800000.0
✅ Disponible: 1200000.0
✅ Datos guardados exitosamente
📊 Varianza en gastos totales: 0.0
📊 Varianza en disponibles: 0.0
📊 Desv. Std gastos: 0.0
📊 Desv. Std disponibles: 0.0
✅ API completamente consistente y determinística
]]></system-out>
  </testcase>
</testsuite>